ERROR - 2022-04-27 01:04:32 --> Error connecting to the database: Access denied for user ''@'localhost' (using password: NO)
CRITICAL - 2022-04-27 01:04:32 --> Unable to connect to the database.
Main connection [MySQLi]: Access denied for user ''@'localhost' (using password: NO)
#0 C:\xampp\htdocs\final-site\system\Database\BaseConnection.php(577): CodeIgniter\Database\BaseConnection->initialize()
#1 C:\xampp\htdocs\final-site\app\Controllers\Admin.php(22): CodeIgniter\Database\BaseConnection->query('SELECT * FROM u...', Array)
#2 C:\xampp\htdocs\final-site\system\CodeIgniter.php(832): App\Controllers\Admin->auth()
#3 C:\xampp\htdocs\final-site\system\CodeIgniter.php(419): CodeIgniter\CodeIgniter->runController(Object(App\Controllers\Admin))
#4 C:\xampp\htdocs\final-site\system\CodeIgniter.php(326): CodeIgniter\CodeIgniter->handleRequest(NULL, Object(Config\Cache), false)
#5 C:\xampp\htdocs\final-site\public\index.php(37): CodeIgniter\CodeIgniter->run()
#6 {main}
ERROR - 2022-04-27 01:04:57 --> Error connecting to the database: Access denied for user ''@'localhost' (using password: NO)
CRITICAL - 2022-04-27 01:04:57 --> Unable to connect to the database.
Main connection [MySQLi]: Access denied for user ''@'localhost' (using password: NO)
#0 C:\xampp\htdocs\final-site\system\Database\BaseConnection.php(577): CodeIgniter\Database\BaseConnection->initialize()
#1 C:\xampp\htdocs\final-site\app\Controllers\Admin.php(22): CodeIgniter\Database\BaseConnection->query('SELECT * FROM u...', Array)
#2 C:\xampp\htdocs\final-site\system\CodeIgniter.php(832): App\Controllers\Admin->auth()
#3 C:\xampp\htdocs\final-site\system\CodeIgniter.php(419): CodeIgniter\CodeIgniter->runController(Object(App\Controllers\Admin))
#4 C:\xampp\htdocs\final-site\system\CodeIgniter.php(326): CodeIgniter\CodeIgniter->handleRequest(NULL, Object(Config\Cache), false)
#5 C:\xampp\htdocs\final-site\public\index.php(37): CodeIgniter\CodeIgniter->run()
#6 {main}
ERROR - 2022-04-27 01:05:36 --> Error connecting to the database: Access denied for user ''@'localhost' (using password: NO)
CRITICAL - 2022-04-27 01:05:36 --> Unable to connect to the database.
Main connection [MySQLi]: Access denied for user ''@'localhost' (using password: NO)
#0 C:\xampp\htdocs\final-site\system\Database\BaseConnection.php(577): CodeIgniter\Database\BaseConnection->initialize()
#1 C:\xampp\htdocs\final-site\app\Controllers\Admin.php(22): CodeIgniter\Database\BaseConnection->query('SELECT * FROM u...', Array)
#2 C:\xampp\htdocs\final-site\system\CodeIgniter.php(832): App\Controllers\Admin->auth()
#3 C:\xampp\htdocs\final-site\system\CodeIgniter.php(419): CodeIgniter\CodeIgniter->runController(Object(App\Controllers\Admin))
#4 C:\xampp\htdocs\final-site\system\CodeIgniter.php(326): CodeIgniter\CodeIgniter->handleRequest(NULL, Object(Config\Cache), false)
#5 C:\xampp\htdocs\final-site\public\index.php(37): CodeIgniter\CodeIgniter->run()
#6 {main}
ERROR - 2022-04-27 01:05:49 --> Error connecting to the database: Access denied for user ''@'localhost' (using password: NO)
CRITICAL - 2022-04-27 01:05:49 --> Unable to connect to the database.
Main connection [MySQLi]: Access denied for user ''@'localhost' (using password: NO)
#0 C:\xampp\htdocs\final-site\system\Database\BaseConnection.php(577): CodeIgniter\Database\BaseConnection->initialize()
#1 C:\xampp\htdocs\final-site\app\Controllers\Admin.php(22): CodeIgniter\Database\BaseConnection->query('SELECT * FROM u...', Array)
#2 C:\xampp\htdocs\final-site\system\CodeIgniter.php(832): App\Controllers\Admin->auth()
#3 C:\xampp\htdocs\final-site\system\CodeIgniter.php(419): CodeIgniter\CodeIgniter->runController(Object(App\Controllers\Admin))
#4 C:\xampp\htdocs\final-site\system\CodeIgniter.php(326): CodeIgniter\CodeIgniter->handleRequest(NULL, Object(Config\Cache), false)
#5 C:\xampp\htdocs\final-site\public\index.php(37): CodeIgniter\CodeIgniter->run()
#6 {main}
CRITICAL - 2022-04-27 01:08:02 --> Undefined property: stdClass::$pre
#0 C:\xampp\htdocs\final-site\app\Controllers\Admin.php(32): CodeIgniter\Debug\Exceptions->errorHandler(2, 'Undefined prope...', 'C:\\xampp\\htdocs...', 32)
#1 C:\xampp\htdocs\final-site\system\CodeIgniter.php(832): App\Controllers\Admin->auth()
#2 C:\xampp\htdocs\final-site\system\CodeIgniter.php(419): CodeIgniter\CodeIgniter->runController(Object(App\Controllers\Admin))
#3 C:\xampp\htdocs\final-site\system\CodeIgniter.php(326): CodeIgniter\CodeIgniter->handleRequest(NULL, Object(Config\Cache), false)
#4 C:\xampp\htdocs\final-site\public\index.php(37): CodeIgniter\CodeIgniter->run()
#5 {main}
CRITICAL - 2022-04-27 04:48:32 --> Call to a member function getName() on string
#0 C:\xampp\htdocs\final-site\system\CodeIgniter.php(832): App\Controllers\Form->addblog()
#1 C:\xampp\htdocs\final-site\system\CodeIgniter.php(419): CodeIgniter\CodeIgniter->runController(Object(App\Controllers\Form))
#2 C:\xampp\htdocs\final-site\system\CodeIgniter.php(326): CodeIgniter\CodeIgniter->handleRequest(NULL, Object(Config\Cache), false)
#3 C:\xampp\htdocs\final-site\public\index.php(37): CodeIgniter\CodeIgniter->run()
#4 {main}
CRITICAL - 2022-04-27 04:51:02 --> Call to a member function getName() on string
#0 C:\xampp\htdocs\final-site\system\CodeIgniter.php(832): App\Controllers\Form->addblog()
#1 C:\xampp\htdocs\final-site\system\CodeIgniter.php(419): CodeIgniter\CodeIgniter->runController(Object(App\Controllers\Form))
#2 C:\xampp\htdocs\final-site\system\CodeIgniter.php(326): CodeIgniter\CodeIgniter->handleRequest(NULL, Object(Config\Cache), false)
#3 C:\xampp\htdocs\final-site\public\index.php(37): CodeIgniter\CodeIgniter->run()
#4 {main}
CRITICAL - 2022-04-27 04:54:08 --> Call to a member function getName() on string
#0 C:\xampp\htdocs\final-site\system\CodeIgniter.php(832): App\Controllers\Form->addblog()
#1 C:\xampp\htdocs\final-site\system\CodeIgniter.php(419): CodeIgniter\CodeIgniter->runController(Object(App\Controllers\Form))
#2 C:\xampp\htdocs\final-site\system\CodeIgniter.php(326): CodeIgniter\CodeIgniter->handleRequest(NULL, Object(Config\Cache), false)
#3 C:\xampp\htdocs\final-site\public\index.php(37): CodeIgniter\CodeIgniter->run()
#4 {main}
CRITICAL - 2022-04-27 04:55:42 --> Call to a member function getName() on null
#0 C:\xampp\htdocs\final-site\system\CodeIgniter.php(832): App\Controllers\Form->addblog()
#1 C:\xampp\htdocs\final-site\system\CodeIgniter.php(419): CodeIgniter\CodeIgniter->runController(Object(App\Controllers\Form))
#2 C:\xampp\htdocs\final-site\system\CodeIgniter.php(326): CodeIgniter\CodeIgniter->handleRequest(NULL, Object(Config\Cache), false)
#3 C:\xampp\htdocs\final-site\public\index.php(37): CodeIgniter\CodeIgniter->run()
#4 {main}
CRITICAL - 2022-04-27 04:56:57 --> Call to a member function getName() on null
#0 C:\xampp\htdocs\final-site\system\CodeIgniter.php(832): App\Controllers\Form->addblog()
#1 C:\xampp\htdocs\final-site\system\CodeIgniter.php(419): CodeIgniter\CodeIgniter->runController(Object(App\Controllers\Form))
#2 C:\xampp\htdocs\final-site\system\CodeIgniter.php(326): CodeIgniter\CodeIgniter->handleRequest(NULL, Object(Config\Cache), false)
#3 C:\xampp\htdocs\final-site\public\index.php(37): CodeIgniter\CodeIgniter->run()
#4 {main}
CRITICAL - 2022-04-27 04:57:09 --> Call to a member function getName() on null
#0 C:\xampp\htdocs\final-site\system\CodeIgniter.php(832): App\Controllers\Form->addblog()
#1 C:\xampp\htdocs\final-site\system\CodeIgniter.php(419): CodeIgniter\CodeIgniter->runController(Object(App\Controllers\Form))
#2 C:\xampp\htdocs\final-site\system\CodeIgniter.php(326): CodeIgniter\CodeIgniter->handleRequest(NULL, Object(Config\Cache), false)
#3 C:\xampp\htdocs\final-site\public\index.php(37): CodeIgniter\CodeIgniter->run()
#4 {main}
ERROR - 2022-04-27 05:01:12 --> Unknown column 'images' in 'field list'
ERROR - 2022-04-27 05:01:57 --> Unknown column 'images' in 'field list'
ERROR - 2022-04-27 05:03:05 --> Unknown column 'images' in 'field list'
ERROR - 2022-04-27 05:04:01 --> Unknown column 'images' in 'field list'
ERROR - 2022-04-27 05:04:29 --> Unknown column 'images' in 'field list'
ERROR - 2022-04-27 05:05:52 --> Column 'images' cannot be null
ERROR - 2022-04-27 05:07:34 --> Column 'images' cannot be null
ERROR - 2022-04-27 05:13:47 --> Column 'images' cannot be null
CRITICAL - 2022-04-27 05:21:50 --> Call to a member function getName() on null
#0 C:\xampp\htdocs\final-site\system\CodeIgniter.php(832): App\Controllers\Form->addblog()
#1 C:\xampp\htdocs\final-site\system\CodeIgniter.php(419): CodeIgniter\CodeIgniter->runController(Object(App\Controllers\Form))
#2 C:\xampp\htdocs\final-site\system\CodeIgniter.php(326): CodeIgniter\CodeIgniter->handleRequest(NULL, Object(Config\Cache), false)
#3 C:\xampp\htdocs\final-site\public\index.php(37): CodeIgniter\CodeIgniter->run()
#4 {main}
CRITICAL - 2022-04-27 05:30:25 --> Could not move file php280A.tmp to public/images/ ()
#0 C:\xampp\htdocs\final-site\system\HTTP\Files\UploadedFile.php(149): CodeIgniter\HTTP\Exceptions\HTTPException::forMoveFailed('php280A.tmp', 'public/images/', '')
#1 C:\xampp\htdocs\final-site\app\Controllers\Form.php(19): CodeIgniter\HTTP\Files\UploadedFile->move('public/images/', 'uploads', true)
#2 C:\xampp\htdocs\final-site\system\CodeIgniter.php(832): App\Controllers\Form->addblog()
#3 C:\xampp\htdocs\final-site\system\CodeIgniter.php(419): CodeIgniter\CodeIgniter->runController(Object(App\Controllers\Form))
#4 C:\xampp\htdocs\final-site\system\CodeIgniter.php(326): CodeIgniter\CodeIgniter->handleRequest(NULL, Object(Config\Cache), false)
#5 C:\xampp\htdocs\final-site\public\index.php(37): CodeIgniter\CodeIgniter->run()
#6 {main}
ERROR - 2022-04-27 05:37:45 --> You have an error in your SQL syntax; check the manual that corresponds to your MariaDB server version for the right syntax to use near ')' at line 1
CRITICAL - 2022-04-27 05:37:45 --> Call to a member function getResult() on bool
#0 C:\xampp\htdocs\final-site\system\CodeIgniter.php(832): App\Controllers\Admin->blogs()
#1 C:\xampp\htdocs\final-site\system\CodeIgniter.php(419): CodeIgniter\CodeIgniter->runController(Object(App\Controllers\Admin))
#2 C:\xampp\htdocs\final-site\system\CodeIgniter.php(326): CodeIgniter\CodeIgniter->handleRequest(NULL, Object(Config\Cache), false)
#3 C:\xampp\htdocs\final-site\public\index.php(37): CodeIgniter\CodeIgniter->run()
#4 {main}
CRITICAL - 2022-04-27 05:45:32 --> Undefined variable $porfo
#0 C:\xampp\htdocs\final-site\app\Views\admin\blogs.php(70): CodeIgniter\Debug\Exceptions->errorHandler(2, 'Undefined varia...', 'C:\\xampp\\htdocs...', 70)
#1 C:\xampp\htdocs\final-site\system\View\View.php(210): include('C:\\xampp\\htdocs...')
#2 C:\xampp\htdocs\final-site\system\View\View.php(213): CodeIgniter\View\View->CodeIgniter\View\{closure}()
#3 C:\xampp\htdocs\final-site\system\Common.php(1089): CodeIgniter\View\View->render('admin/blogs', Array, true)
#4 C:\xampp\htdocs\final-site\app\Controllers\Admin.php(24): view('admin/blogs', Array)
#5 C:\xampp\htdocs\final-site\system\CodeIgniter.php(832): App\Controllers\Admin->blogs()
#6 C:\xampp\htdocs\final-site\system\CodeIgniter.php(419): CodeIgniter\CodeIgniter->runController(Object(App\Controllers\Admin))
#7 C:\xampp\htdocs\final-site\system\CodeIgniter.php(326): CodeIgniter\CodeIgniter->handleRequest(NULL, Object(Config\Cache), false)
#8 C:\xampp\htdocs\final-site\public\index.php(37): CodeIgniter\CodeIgniter->run()
#9 {main}
