CRITICAL - 2022-04-28 01:22:51 --> Undefined variable $list
#0 C:\xampp\htdocs\final-site\app\Views\admin\users.php(52): CodeIgniter\Debug\Exceptions->errorHandler(2, 'Undefined varia...', 'C:\\xampp\\htdocs...', 52)
#1 C:\xampp\htdocs\final-site\system\View\View.php(210): include('C:\\xampp\\htdocs...')
#2 C:\xampp\htdocs\final-site\system\View\View.php(213): CodeIgniter\View\View->CodeIgniter\View\{closure}()
#3 C:\xampp\htdocs\final-site\system\Common.php(1089): CodeIgniter\View\View->render('admin/users', Array, true)
#4 C:\xampp\htdocs\final-site\app\Controllers\Admin.php(42): view('admin/users')
#5 C:\xampp\htdocs\final-site\system\CodeIgniter.php(832): App\Controllers\Admin->users()
#6 C:\xampp\htdocs\final-site\system\CodeIgniter.php(419): CodeIgniter\CodeIgniter->runController(Object(App\Controllers\Admin))
#7 C:\xampp\htdocs\final-site\system\CodeIgniter.php(326): CodeIgniter\CodeIgniter->handleRequest(NULL, Object(Config\Cache), false)
#8 C:\xampp\htdocs\final-site\public\index.php(37): CodeIgniter\CodeIgniter->run()
#9 {main}
ERROR - 2022-04-28 01:27:05 --> Table 'advanced_pcl.users' doesn't exist
CRITICAL - 2022-04-28 01:27:05 --> Call to a member function getResult() on bool
#0 C:\xampp\htdocs\final-site\system\CodeIgniter.php(832): App\Controllers\Admin->users()
#1 C:\xampp\htdocs\final-site\system\CodeIgniter.php(419): CodeIgniter\CodeIgniter->runController(Object(App\Controllers\Admin))
#2 C:\xampp\htdocs\final-site\system\CodeIgniter.php(326): CodeIgniter\CodeIgniter->handleRequest(NULL, Object(Config\Cache), false)
#3 C:\xampp\htdocs\final-site\public\index.php(37): CodeIgniter\CodeIgniter->run()
#4 {main}
CRITICAL - 2022-04-28 01:27:17 --> Undefined property: stdClass::$title
#0 C:\xampp\htdocs\final-site\app\Views\admin\sliders.php(51): CodeIgniter\Debug\Exceptions->errorHandler(2, 'Undefined prope...', 'C:\\xampp\\htdocs...', 51)
#1 C:\xampp\htdocs\final-site\system\View\View.php(210): include('C:\\xampp\\htdocs...')
#2 C:\xampp\htdocs\final-site\system\View\View.php(213): CodeIgniter\View\View->CodeIgniter\View\{closure}()
#3 C:\xampp\htdocs\final-site\system\Common.php(1089): CodeIgniter\View\View->render('admin/sliders', Array, true)
#4 C:\xampp\htdocs\final-site\app\Controllers\Admin.php(48): view('admin/sliders', Array)
#5 C:\xampp\htdocs\final-site\system\CodeIgniter.php(832): App\Controllers\Admin->users()
#6 C:\xampp\htdocs\final-site\system\CodeIgniter.php(419): CodeIgniter\CodeIgniter->runController(Object(App\Controllers\Admin))
#7 C:\xampp\htdocs\final-site\system\CodeIgniter.php(326): CodeIgniter\CodeIgniter->handleRequest(NULL, Object(Config\Cache), false)
#8 C:\xampp\htdocs\final-site\public\index.php(37): CodeIgniter\CodeIgniter->run()
#9 {main}
CRITICAL - 2022-04-28 01:27:31 --> Undefined property: stdClass::$title
#0 C:\xampp\htdocs\final-site\app\Views\admin\sliders.php(51): CodeIgniter\Debug\Exceptions->errorHandler(2, 'Undefined prope...', 'C:\\xampp\\htdocs...', 51)
#1 C:\xampp\htdocs\final-site\system\View\View.php(210): include('C:\\xampp\\htdocs...')
#2 C:\xampp\htdocs\final-site\system\View\View.php(213): CodeIgniter\View\View->CodeIgniter\View\{closure}()
#3 C:\xampp\htdocs\final-site\system\Common.php(1089): CodeIgniter\View\View->render('admin/sliders', Array, true)
#4 C:\xampp\htdocs\final-site\app\Controllers\Admin.php(48): view('admin/sliders', Array)
#5 C:\xampp\htdocs\final-site\system\CodeIgniter.php(832): App\Controllers\Admin->users()
#6 C:\xampp\htdocs\final-site\system\CodeIgniter.php(419): CodeIgniter\CodeIgniter->runController(Object(App\Controllers\Admin))
#7 C:\xampp\htdocs\final-site\system\CodeIgniter.php(326): CodeIgniter\CodeIgniter->handleRequest(NULL, Object(Config\Cache), false)
#8 C:\xampp\htdocs\final-site\public\index.php(37): CodeIgniter\CodeIgniter->run()
#9 {main}
CRITICAL - 2022-04-28 01:27:36 --> Undefined property: stdClass::$title
#0 C:\xampp\htdocs\final-site\app\Views\admin\sliders.php(51): CodeIgniter\Debug\Exceptions->errorHandler(2, 'Undefined prope...', 'C:\\xampp\\htdocs...', 51)
#1 C:\xampp\htdocs\final-site\system\View\View.php(210): include('C:\\xampp\\htdocs...')
#2 C:\xampp\htdocs\final-site\system\View\View.php(213): CodeIgniter\View\View->CodeIgniter\View\{closure}()
#3 C:\xampp\htdocs\final-site\system\Common.php(1089): CodeIgniter\View\View->render('admin/sliders', Array, true)
#4 C:\xampp\htdocs\final-site\app\Controllers\Admin.php(48): view('admin/sliders', Array)
#5 C:\xampp\htdocs\final-site\system\CodeIgniter.php(832): App\Controllers\Admin->users()
#6 C:\xampp\htdocs\final-site\system\CodeIgniter.php(419): CodeIgniter\CodeIgniter->runController(Object(App\Controllers\Admin))
#7 C:\xampp\htdocs\final-site\system\CodeIgniter.php(326): CodeIgniter\CodeIgniter->handleRequest(NULL, Object(Config\Cache), false)
#8 C:\xampp\htdocs\final-site\public\index.php(37): CodeIgniter\CodeIgniter->run()
#9 {main}
ERROR - 2022-04-28 01:41:55 --> Unknown column 'FullName' in 'field list'
ERROR - 2022-04-28 01:47:13 --> Unknown column 'password' in 'where clause'
CRITICAL - 2022-04-28 01:47:13 --> Call to a member function getResult() on bool
#0 C:\xampp\htdocs\final-site\system\CodeIgniter.php(832): App\Controllers\Admin->auth()
#1 C:\xampp\htdocs\final-site\system\CodeIgniter.php(419): CodeIgniter\CodeIgniter->runController(Object(App\Controllers\Admin))
#2 C:\xampp\htdocs\final-site\system\CodeIgniter.php(326): CodeIgniter\CodeIgniter->handleRequest(NULL, Object(Config\Cache), false)
#3 C:\xampp\htdocs\final-site\public\index.php(37): CodeIgniter\CodeIgniter->run()
#4 {main}
CRITICAL - 2022-04-28 01:53:23 --> Undefined variable $password
#0 C:\xampp\htdocs\final-site\app\Controllers\Form.php(13): CodeIgniter\Debug\Exceptions->errorHandler(2, 'Undefined varia...', 'C:\\xampp\\htdocs...', 13)
#1 C:\xampp\htdocs\final-site\system\CodeIgniter.php(832): App\Controllers\Form->adduser()
#2 C:\xampp\htdocs\final-site\system\CodeIgniter.php(419): CodeIgniter\CodeIgniter->runController(Object(App\Controllers\Form))
#3 C:\xampp\htdocs\final-site\system\CodeIgniter.php(326): CodeIgniter\CodeIgniter->handleRequest(NULL, Object(Config\Cache), false)
#4 C:\xampp\htdocs\final-site\public\index.php(37): CodeIgniter\CodeIgniter->run()
#5 {main}
CRITICAL - 2022-04-28 03:01:10 --> Undefined variable $list
#0 C:\xampp\htdocs\final-site\app\Views\admin\gallery.php(54): CodeIgniter\Debug\Exceptions->errorHandler(2, 'Undefined varia...', 'C:\\xampp\\htdocs...', 54)
#1 C:\xampp\htdocs\final-site\system\View\View.php(210): include('C:\\xampp\\htdocs...')
#2 C:\xampp\htdocs\final-site\system\View\View.php(213): CodeIgniter\View\View->CodeIgniter\View\{closure}()
#3 C:\xampp\htdocs\final-site\system\Common.php(1089): CodeIgniter\View\View->render('admin/gallery', Array, true)
#4 C:\xampp\htdocs\final-site\app\Controllers\Admin.php(38): view('admin/gallery')
#5 C:\xampp\htdocs\final-site\system\CodeIgniter.php(832): App\Controllers\Admin->gallery()
#6 C:\xampp\htdocs\final-site\system\CodeIgniter.php(419): CodeIgniter\CodeIgniter->runController(Object(App\Controllers\Admin))
#7 C:\xampp\htdocs\final-site\system\CodeIgniter.php(326): CodeIgniter\CodeIgniter->handleRequest(NULL, Object(Config\Cache), false)
#8 C:\xampp\htdocs\final-site\public\index.php(37): CodeIgniter\CodeIgniter->run()
#9 {main}
CRITICAL - 2022-04-28 03:08:33 --> Undefined property: stdClass::$FullName
#0 C:\xampp\htdocs\final-site\app\Views\admin\gallery.php(50): CodeIgniter\Debug\Exceptions->errorHandler(2, 'Undefined prope...', 'C:\\xampp\\htdocs...', 50)
#1 C:\xampp\htdocs\final-site\system\View\View.php(210): include('C:\\xampp\\htdocs...')
#2 C:\xampp\htdocs\final-site\system\View\View.php(213): CodeIgniter\View\View->CodeIgniter\View\{closure}()
#3 C:\xampp\htdocs\final-site\system\Common.php(1089): CodeIgniter\View\View->render('admin/gallery', Array, true)
#4 C:\xampp\htdocs\final-site\app\Controllers\Admin.php(34): view('admin/gallery', Array)
#5 C:\xampp\htdocs\final-site\system\CodeIgniter.php(832): App\Controllers\Admin->sliders()
#6 C:\xampp\htdocs\final-site\system\CodeIgniter.php(419): CodeIgniter\CodeIgniter->runController(Object(App\Controllers\Admin))
#7 C:\xampp\htdocs\final-site\system\CodeIgniter.php(326): CodeIgniter\CodeIgniter->handleRequest(NULL, Object(Config\Cache), false)
#8 C:\xampp\htdocs\final-site\public\index.php(37): CodeIgniter\CodeIgniter->run()
#9 {main}
CRITICAL - 2022-04-28 03:09:16 --> Invalid file: admin/slider.php
#0 C:\xampp\htdocs\final-site\system\View\View.php(198): CodeIgniter\Exceptions\FrameworkException::forInvalidFile('admin/slider.ph...')
#1 C:\xampp\htdocs\final-site\system\Common.php(1089): CodeIgniter\View\View->render('admin/slider', Array, true)
#2 C:\xampp\htdocs\final-site\app\Controllers\Admin.php(34): view('admin/slider', Array)
#3 C:\xampp\htdocs\final-site\system\CodeIgniter.php(832): App\Controllers\Admin->sliders()
#4 C:\xampp\htdocs\final-site\system\CodeIgniter.php(419): CodeIgniter\CodeIgniter->runController(Object(App\Controllers\Admin))
#5 C:\xampp\htdocs\final-site\system\CodeIgniter.php(326): CodeIgniter\CodeIgniter->handleRequest(NULL, Object(Config\Cache), false)
#6 C:\xampp\htdocs\final-site\public\index.php(37): CodeIgniter\CodeIgniter->run()
#7 {main}
ERROR - 2022-04-28 03:27:08 --> Column 'FullName' cannot be null
CRITICAL - 2022-04-28 05:16:06 --> Undefined variable $blogs
#0 C:\xampp\htdocs\final-site\app\Views\index.php(626): CodeIgniter\Debug\Exceptions->errorHandler(2, 'Undefined varia...', 'C:\\xampp\\htdocs...', 626)
#1 C:\xampp\htdocs\final-site\system\View\View.php(210): include('C:\\xampp\\htdocs...')
#2 C:\xampp\htdocs\final-site\system\View\View.php(213): CodeIgniter\View\View->CodeIgniter\View\{closure}()
#3 C:\xampp\htdocs\final-site\system\Common.php(1089): CodeIgniter\View\View->render('index', Array, true)
#4 C:\xampp\htdocs\final-site\app\Controllers\Home.php(15): view('index')
#5 C:\xampp\htdocs\final-site\system\CodeIgniter.php(832): App\Controllers\Home->index()
#6 C:\xampp\htdocs\final-site\system\CodeIgniter.php(419): CodeIgniter\CodeIgniter->runController(Object(App\Controllers\Home))
#7 C:\xampp\htdocs\final-site\system\CodeIgniter.php(326): CodeIgniter\CodeIgniter->handleRequest(NULL, Object(Config\Cache), false)
#8 C:\xampp\htdocs\final-site\public\index.php(37): CodeIgniter\CodeIgniter->run()
#9 {main}
CRITICAL - 2022-04-28 05:19:46 --> Call to undefined method stdClass::date()
#0 C:\xampp\htdocs\final-site\system\View\View.php(210): include()
#1 C:\xampp\htdocs\final-site\system\View\View.php(213): CodeIgniter\View\View->CodeIgniter\View\{closure}()
#2 C:\xampp\htdocs\final-site\system\Common.php(1089): CodeIgniter\View\View->render('index', Array, true)
#3 C:\xampp\htdocs\final-site\app\Controllers\Home.php(15): view('index', Array)
#4 C:\xampp\htdocs\final-site\system\CodeIgniter.php(832): App\Controllers\Home->index()
#5 C:\xampp\htdocs\final-site\system\CodeIgniter.php(419): CodeIgniter\CodeIgniter->runController(Object(App\Controllers\Home))
#6 C:\xampp\htdocs\final-site\system\CodeIgniter.php(326): CodeIgniter\CodeIgniter->handleRequest(NULL, Object(Config\Cache), false)
#7 C:\xampp\htdocs\final-site\public\index.php(37): CodeIgniter\CodeIgniter->run()
#8 {main}
CRITICAL - 2022-04-28 05:52:15 --> Undefined property: stdClass::$imges
#0 C:\xampp\htdocs\final-site\app\Views\index.php(635): CodeIgniter\Debug\Exceptions->errorHandler(2, 'Undefined prope...', 'C:\\xampp\\htdocs...', 635)
#1 C:\xampp\htdocs\final-site\system\View\View.php(210): include('C:\\xampp\\htdocs...')
#2 C:\xampp\htdocs\final-site\system\View\View.php(213): CodeIgniter\View\View->CodeIgniter\View\{closure}()
#3 C:\xampp\htdocs\final-site\system\Common.php(1089): CodeIgniter\View\View->render('index', Array, true)
#4 C:\xampp\htdocs\final-site\app\Controllers\Home.php(15): view('index', Array)
#5 C:\xampp\htdocs\final-site\system\CodeIgniter.php(832): App\Controllers\Home->index()
#6 C:\xampp\htdocs\final-site\system\CodeIgniter.php(419): CodeIgniter\CodeIgniter->runController(Object(App\Controllers\Home))
#7 C:\xampp\htdocs\final-site\system\CodeIgniter.php(326): CodeIgniter\CodeIgniter->handleRequest(NULL, Object(Config\Cache), false)
#8 C:\xampp\htdocs\final-site\public\index.php(37): CodeIgniter\CodeIgniter->run()
#9 {main}
CRITICAL - 2022-04-28 05:52:30 --> Undefined property: stdClass::$imges
#0 C:\xampp\htdocs\final-site\app\Views\index.php(635): CodeIgniter\Debug\Exceptions->errorHandler(2, 'Undefined prope...', 'C:\\xampp\\htdocs...', 635)
#1 C:\xampp\htdocs\final-site\system\View\View.php(210): include('C:\\xampp\\htdocs...')
#2 C:\xampp\htdocs\final-site\system\View\View.php(213): CodeIgniter\View\View->CodeIgniter\View\{closure}()
#3 C:\xampp\htdocs\final-site\system\Common.php(1089): CodeIgniter\View\View->render('index', Array, true)
#4 C:\xampp\htdocs\final-site\app\Controllers\Home.php(15): view('index', Array)
#5 C:\xampp\htdocs\final-site\system\CodeIgniter.php(832): App\Controllers\Home->index()
#6 C:\xampp\htdocs\final-site\system\CodeIgniter.php(419): CodeIgniter\CodeIgniter->runController(Object(App\Controllers\Home))
#7 C:\xampp\htdocs\final-site\system\CodeIgniter.php(326): CodeIgniter\CodeIgniter->handleRequest(NULL, Object(Config\Cache), false)
#8 C:\xampp\htdocs\final-site\public\index.php(37): CodeIgniter\CodeIgniter->run()
#9 {main}
ERROR - 2022-04-28 06:19:01 --> Column 'FullName' cannot be null
ERROR - 2022-04-28 07:46:43 --> Unknown column 'title' in 'field list'
